<?xml version="1.0" encoding="UTF-8"?>
<!-- Generated by org.testng.reporters.JUnitXMLReporter -->
<testsuite hostname="DESKTOP-6145R9P" failures="0" tests="2" name="Default test" time="0.013" errors="0" timestamp="27 Mar 2021 14:55:25 GMT">
  <testcase classname="Testing.DataProvider" name="testDataProvider1" time="0.0">
    <skipped/>
  </testcase> <!-- testDataProvider1 -->
  <testcase classname="Testing.DataProvider" name="testDataProviderClass1" time="0.0">
    <skipped/>
  </testcase> <!-- testDataProviderClass1 -->
</testsuite> <!-- Default test -->
